0 info it worked if it ends with ok
1 verbose cli [ 'C:\\Program Files\\nodejs\\node.exe',
1 verbose cli   'C:\\Program Files\\nodejs\\node_modules\\npm\\bin\\npm-cli.js',
1 verbose cli   'run',
1 verbose cli   'watch-js' ]
2 info using npm@3.6.0
3 info using node@v5.7.1
4 verbose run-script [ 'prewatch-js', 'watch-js', 'postwatch-js' ]
5 info lifecycle scanex-first@1.0.0~prewatch-js: scanex-first@1.0.0
6 silly lifecycle scanex-first@1.0.0~prewatch-js: no script for prewatch-js, continuing
7 info lifecycle scanex-first@1.0.0~watch-js: scanex-first@1.0.0
8 verbose lifecycle scanex-first@1.0.0~watch-js: unsafe-perm in lifecycle true
9 verbose lifecycle scanex-first@1.0.0~watch-js: PATH: C:\Program Files\nodejs\node_modules\npm\bin\node-gyp-bin;C:\Users\grisha\Documents\GitHub\scanex-first\node_modules\.bin;C:\cmder\bin;C:\cmder\vendor\git-for-windows\bin;C:\cmder\vendor\git-for-windows\usr\bin;C:\cmder\vendor\git-for-windows\share\vim\vim74;C:\cmder\vendor\conemu-maximus5;C:\cmder\vendor\conemu-maximus5\ConEmu;C:\ProgramData\Oracle\Java\javapath;C:\Windows\system32;C:\Windows;C:\Windows\System32\Wbem;C:\Windows\System32\WindowsPowerShell\v1.0\;C:\Program Files\Intel\WiFi\bin\;C:\Program Files\Common Files\Intel\WirelessCommon\;C:\Program Files (x86)\QuickTime\QTSystem\;C:\Program Files (x86)\Skype\Phone\;C:\Program Files\nodejs\;C:\Git\cmd;C:\Ruby193\bin;C:\Program Files\Intel\WiFi\bin\;C:\Program Files\Common Files\Intel\WirelessCommon\;C:\Users\grisha\AppData\Local\atom\bin;C:\Users\grisha\AppData\Roaming\npm;C:\cmder
10 verbose lifecycle scanex-first@1.0.0~watch-js: CWD: C:\Users\grisha\Documents\GitHub\scanex-first
11 silly lifecycle scanex-first@1.0.0~watch-js: Args: [ '/d /s /c', 'watchify src/main.js -o bundle.js' ]
12 silly lifecycle scanex-first@1.0.0~watch-js: Returned: code: 1  signal: null
13 info lifecycle scanex-first@1.0.0~watch-js: Failed to exec watch-js script
14 verbose stack Error: scanex-first@1.0.0 watch-js: `watchify src/main.js -o bundle.js`
14 verbose stack Exit status 1
14 verbose stack     at EventEmitter.<anonymous> (C:\Program Files\nodejs\node_modules\npm\lib\utils\lifecycle.js:232:16)
14 verbose stack     at emitTwo (events.js:100:13)
14 verbose stack     at EventEmitter.emit (events.js:185:7)
14 verbose stack     at ChildProcess.<anonymous> (C:\Program Files\nodejs\node_modules\npm\lib\utils\spawn.js:24:14)
14 verbose stack     at emitTwo (events.js:100:13)
14 verbose stack     at ChildProcess.emit (events.js:185:7)
14 verbose stack     at maybeClose (internal/child_process.js:827:16)
14 verbose stack     at Process.ChildProcess._handle.onexit (internal/child_process.js:211:5)
15 verbose pkgid scanex-first@1.0.0
16 verbose cwd C:\Users\grisha\Documents\GitHub\scanex-first
17 error Windows_NT 6.1.7601
18 error argv "C:\\Program Files\\nodejs\\node.exe" "C:\\Program Files\\nodejs\\node_modules\\npm\\bin\\npm-cli.js" "run" "watch-js"
19 error node v5.7.1
20 error npm  v3.6.0
21 error code ELIFECYCLE
22 error scanex-first@1.0.0 watch-js: `watchify src/main.js -o bundle.js`
22 error Exit status 1
23 error Failed at the scanex-first@1.0.0 watch-js script 'watchify src/main.js -o bundle.js'.
23 error Make sure you have the latest version of node.js and npm installed.
23 error If you do, this is most likely a problem with the scanex-first package,
23 error not with npm itself.
23 error Tell the author that this fails on your system:
23 error     watchify src/main.js -o bundle.js
23 error You can get information on how to open an issue for this project with:
23 error     npm bugs scanex-first
23 error Or if that isn't available, you can get their info via:
23 error     npm owner ls scanex-first
23 error There is likely additional logging output above.
24 verbose exit [ 1, true ]
